app/build/outputs/logs/manifest-merger-debug-report.txt
-- Merging decision tree log ---
manifest
ADDED from src\main\AndroidManifest.xml:5:1-58:12
INJECTED from src\main\AndroidManifest.xml:5:1-58:12
INJECTED from src\main\AndroidManifest.xml:5:1-58:12
INJECTED from src\main\AndroidManifest.xml:5:1-58:12
INJECTED from src\main\AndroidManifest.xml:5:1-58:12
INJECTED from src\main\AndroidManifest.xml:5:1-58:12
INJECTED from src\main\AndroidManifest.xml:5:1-58:12
	package
		ADDED from src\main\AndroidManifest.xml:6:7-31
		INJECTED from src\main\AndroidManifest.xml
		INJECTED from src\main\AndroidManifest.xml
	android:versionName
		ADDED from src\main\AndroidManifest.xml:8:7-32
		INJECTED from src\main\AndroidManifest.xml
		INJECTED from src\main\AndroidManifest.xml
	xmlns:android
		ADDED from src\main\AndroidManifest.xml:5:11-69
	android:versionCode
		ADDED from src\main\AndroidManifest.xml:7:7-30
		INJECTED from src\main\AndroidManifest.xml
		INJECTED from src\main\AndroidManifest.xml
	android:installLocation
		ADDED from src\main\AndroidManifest.xml:9:7-37
uses-sdk
ADDED from src\main\AndroidManifest.xml:12:5-74
INJECTED from src\main\AndroidManifest.xml:12:5-74
INJECTED from src\main\AndroidManifest.xml:12:5-74
INJECTED from src\main\AndroidManifest.xml:12:5-74
INJECTED from src\main\AndroidManifest.xml:12:5-74
	android:targetSdkVersion
		ADDED from src\main\AndroidManifest.xml:12:42-71
		INJECTED from src\main\AndroidManifest.xml
		INJECTED from src\main\AndroidManifest.xml
	android:minSdkVersion
		ADDED from src\main\AndroidManifest.xml:12:15-41
		INJECTED from src\main\AndroidManifest.xml
		INJECTED from src\main\AndroidManifest.xml
uses-feature#0x00020000
ADDED from src\main\AndroidManifest.xml:15:5-54
	android:glEsVersion
		ADDED from src\main\AndroidManifest.xml:15:19-51
uses-permission#android.permission.WRITE_EXTERNAL_STORAGE
ADDED from src\main\AndroidManifest.xml:18:5-81
	android:name
		ADDED from src\main\AndroidManifest.xml:18:22-78
uses-permission#android.permission.VIBRATE
ADDED from src\main\AndroidManifest.xml:20:5-66
	android:name
		ADDED from src\main\AndroidManifest.xml:20:22-63
application
ADDED from src\main\AndroidManifest.xml:34:5-56:19
	android:label
		ADDED from src\main\AndroidManifest.xml:34:18-50
	android:hardwareAccelerated
		ADDED from src\main\AndroidManifest.xml:38:18-52
	android:icon
		ADDED from src\main\AndroidManifest.xml:35:18-54
	android:allowBackup
		ADDED from src\main\AndroidManifest.xml:36:18-44
	android:theme
		ADDED from src\main\AndroidManifest.xml:37:18-76
activity#org.libsdl.app.SDLActivity
ADDED from src\main\AndroidManifest.xml:39:9-55:20
	android:label
		ADDED from src\main\AndroidManifest.xml:40:19-51
	android:configChanges
		ADDED from src\main\AndroidManifest.xml:41:19-80
	android:name
		ADDED from src\main\AndroidManifest.xml:39:19-45
intent-filter#android.intent.action.MAIN+android.intent.category.LAUNCHER
ADDED from src\main\AndroidManifest.xml:43:13-46:29
action#android.intent.action.MAIN
ADDED from src\main\AndroidManifest.xml:44:17-69
	android:name
		ADDED from src\main\AndroidManifest.xml:44:25-66
category#android.intent.category.LAUNCHER
ADDED from src\main\AndroidManifest.xml:45:17-77
	android:name
		ADDED from src\main\AndroidManifest.xml:45:27-74